Build started 10/9/2015 1:00:58 AM.
     1>Project "C:\Users\Kevin\Documents\Visual Studio 2013\Projects\PA3 Linked List Kevin Blum\PA3 Linked List Kevin Blum.vcxproj" on node 2 (Build target(s)).
     1>ClCompile:
         C:\Program Files (x86)\Microsoft Visual Studio 12.0\VC\bin\CL.exe /c /ZI /nologo /W3 /WX- /sdl /Od /Oy- /D _MBCS /Gm /EHsc /RTC1 /MDd /GS /fp:precise /Zc:wchar_t /Zc:forScope /Fo"Debug\\" /Fd"Debug\vc120.pdb" /Gd /TP /analyze- /errorReport:prompt ..\..\..\..\Downloads\main.cpp
         main.cpp
     1>c:\users\kevin\downloads\main.cpp(102): warning C4244: 'argument' : conversion from 'time_t' to 'unsigned int', possible loss of data
     1>c:\users\kevin\downloads\main.cpp(359): warning C4101: 's' : unreferenced local variable
     1>c:\users\kevin\downloads\main.cpp(473): warning C4101: 'i' : unreferenced local variable
     1>c:\users\kevin\downloads\main.cpp(473): warning C4101: 'pos' : unreferenced local variable
     1>c:\users\kevin\downloads\main.cpp(712): warning C4101: 'q' : unreferenced local variable
       Link:
         C:\Program Files (x86)\Microsoft Visual Studio 12.0\VC\bin\link.exe /ERRORREPORT:PROMPT /OUT:"C:\Users\Kevin\Documents\Visual Studio 2013\Projects\PA3 Linked List Kevin Blum\Debug\PA3 Linked List Kevin Blum.exe" /INCREMENTAL /NOLOGO kernel32.lib user32.lib gdi32.lib winspool.lib comdlg32.lib advapi32.lib shell32.lib ole32.lib oleaut32.lib uuid.lib odbc32.lib odbccp32.lib /MANIFEST /MANIFESTUAC:"level='asInvoker' uiAccess='false'" /manifest:embed /DEBUG /PDB:"C:\Users\Kevin\Documents\Visual Studio 2013\Projects\PA3 Linked List Kevin Blum\Debug\PA3 Linked List Kevin Blum.pdb" /TLBID:1 /DYNAMICBASE /NXCOMPAT /IMPLIB:"C:\Users\Kevin\Documents\Visual Studio 2013\Projects\PA3 Linked List Kevin Blum\Debug\PA3 Linked List Kevin Blum.lib" /MACHINE:X86 Debug\main.obj
     1>LINK : fatal error LNK1168: cannot open C:\Users\Kevin\Documents\Visual Studio 2013\Projects\PA3 Linked List Kevin Blum\Debug\PA3 Linked List Kevin Blum.exe for writing
     1>Done Building Project "C:\Users\Kevin\Documents\Visual Studio 2013\Projects\PA3 Linked List Kevin Blum\PA3 Linked List Kevin Blum.vcxproj" (Build target(s)) -- FAILED.

Build FAILED.

Time Elapsed 00:00:00.77
